<?xml version="1.0" encoding="UTF-8"?>
<testng-results ignored="0" total="1" passed="1" failed="0" skipped="0">
  <reporter-output>
    <line>
      <![CDATA[No of rows are::9]]>
    </line>
    <line>
      <![CDATA[Add Employee Success::0769     0769]]>
    </line>
    <line>
      <![CDATA[Add Employee Success::0770     0770]]>
    </line>
    <line>
      <![CDATA[Add Employee Success::0771     0771]]>
    </line>
    <line>
      <![CDATA[Add Employee Success::0772     0772]]>
    </line>
    <line>
      <![CDATA[Add Employee Success::0773     0773]]>
    </line>
    <line>
      <![CDATA[Add Employee Success::0774     0774]]>
    </line>
    <line>
      <![CDATA[Add Employee Success::0775     0775]]>
    </line>
    <line>
      <![CDATA[Add Employee Success::0776     0776]]>
    </line>
    <line>
      <![CDATA[Add Employee Success::0777     0777]]>
    </line>
  </reporter-output>
  <suite started-at="2024-11-15T09:34:18 IST" name="driverFactory.AppTest" finished-at="2024-11-15T09:36:05 IST" duration-ms="106945">
    <groups>
    </groups>
    <test started-at="2024-11-15T09:34:18 IST" name="Command line test" finished-at="2024-11-15T09:36:05 IST" duration-ms="106945">
      <class name="driverFactory.AppTest">
        <test-method is-config="true" signature="setUp()[pri:0, instance:driverFactory.AppTest@2118cddf]" started-at="2024-11-15T09:34:18 IST" name="setUp" finished-at="2024-11-15T09:34:22 IST" duration-ms="4104" status="PASS">
          <reporter-output>
          </reporter-output>
        </test-method> <!-- setUp -->
        <test-method signature="startTest()[pri:0, instance:driverFactory.AppTest@2118cddf]" started-at="2024-11-15T09:34:22 IST" name="startTest" finished-at="2024-11-15T09:36:01 IST" duration-ms="99210" status="PASS">
          <reporter-output>
            <line>
              <![CDATA[No of rows are::9]]>
            </line>
            <line>
              <![CDATA[Add Employee Success::0769     0769]]>
            </line>
            <line>
              <![CDATA[Add Employee Success::0770     0770]]>
            </line>
            <line>
              <![CDATA[Add Employee Success::0771     0771]]>
            </line>
            <line>
              <![CDATA[Add Employee Success::0772     0772]]>
            </line>
            <line>
              <![CDATA[Add Employee Success::0773     0773]]>
            </line>
            <line>
              <![CDATA[Add Employee Success::0774     0774]]>
            </line>
            <line>
              <![CDATA[Add Employee Success::0775     0775]]>
            </line>
            <line>
              <![CDATA[Add Employee Success::0776     0776]]>
            </line>
            <line>
              <![CDATA[Add Employee Success::0777     0777]]>
            </line>
          </reporter-output>
        </test-method> <!-- startTest -->
        <test-method is-config="true" signature="tearDown()[pri:0, instance:driverFactory.AppTest@2118cddf]" started-at="2024-11-15T09:36:01 IST" name="tearDown" finished-at="2024-11-15T09:36:05 IST" duration-ms="3576" status="PASS">
          <reporter-output>
          </reporter-output>
        </test-method> <!-- tearDown -->
      </class> <!-- driverFactory.AppTest -->
    </test> <!-- Command line test -->
  </suite> <!-- driverFactory.AppTest -->
</testng-results>
